Migrating from next lint to the ESLint CLI...
   Found legacy ESLint config: .eslintrc.js
   Running "npx @eslint/migrate-config /Users/ankush/github/ankushp/.eslintrc.js" to convert legacy config...
/Users/ankush/.npm/_npx/04c93779852ad6b7/node_modules/@next/codemod/transforms/next-lint-to-eslint-cli.js:884
                throw new Error(`Failed to run "${command}" to migrate the legacy ESLint config "${eslintConfigFilename}".\n` +
                      ^

Error: Failed to run "npx @eslint/migrate-config /Users/ankush/github/ankushp/.eslintrc.js" to migrate the legacy ESLint config ".eslintrc.js".
Please try the migration to Flat config manually.
Learn more: https://eslint.org/docs/latest/use/configure/migration-guide
    at Object.transformer [as default] (/Users/ankush/.npm/_npx/04c93779852ad6b7/node_modules/@next/codemod/transforms/next-lint-to-eslint-cli.js:884:23)
    at Command.runTransform (/Users/ankush/.npm/_npx/04c93779852ad6b7/node_modules/@next/codemod/bin/transform.js:83:48)
    ... 7 lines matching cause stack trace ...
    at Object..js (node:internal/modules/cjs/loader:1839:10) {
  [cause]: Error: Failed to find the expected output file "/Users/ankush/github/ankushp/eslint.config.mjs" generated by the migration tool.
      at Object.transformer [as default] (/Users/ankush/.npm/_npx/04c93779852ad6b7/node_modules/@next/codemod/transforms/next-lint-to-eslint-cli.js:876:27)
      at Command.runTransform (/Users/ankush/.npm/_npx/04c93779852ad6b7/node_modules/@next/codemod/bin/transform.js:83:48)
      at Command.listener [as _actionHandler] (/Users/ankush/.npm/_npx/04c93779852ad6b7/node_modules/commander/lib/command.js:542:17)
      at /Users/ankush/.npm/_npx/04c93779852ad6b7/node_modules/commander/lib/command.js:1502:14
      at Command._chainOrCall (/Users/ankush/.npm/_npx/04c93779852ad6b7/node_modules/commander/lib/command.js:1386:12)
      at Command._parseCommand (/Users/ankush/.npm/_npx/04c93779852ad6b7/node_modules/commander/lib/command.js:1501:27)
      at Command.parse (/Users/ankush/.npm/_npx/04c93779852ad6b7/node_modules/commander/lib/command.js:1064:10)
      at Object.<anonymous> (/Users/ankush/.npm/_npx/04c93779852ad6b7/node_modules/@next/codemod/bin/next-codemod.js:59:9)
      at Module._compile (node:internal/modules/cjs/loader:1706:14)
      at Object..js (node:internal/modules/cjs/loader:1839:10)
}

Node.js v22.22.0
